<?xml version="1.0" encoding="UTF-8"?>
<!-- Generated by org.testng.reporters.JUnitReportReporter -->
<testsuite skipped="0" hostname="DESKTOP-Q2S8VAD" name="com.trendyol.tests.LoginPageTest" tests="1" failures="0" timestamp="25 Jul 2020 07:37:29 GMT" time="11.274" errors="0">
  <testcase name="verifyUserLoginTest" time="11.274" classname="com.trendyol.tests.LoginPageTest"/>
</testsuite> <!-- com.trendyol.tests.LoginPageTest -->
