<?xml version="1.0" encoding="UTF-8"?>
<!-- Generated by org.testng.reporters.JUnitReportReporter -->
<testsuite skipped="0" hostname="DESKTOP-Q2S8VAD" name="com.test1.tests.HomePageTests" tests="1" failures="0" timestamp="24 Jul 2020 03:14:08 GMT" time="21.263" errors="0">
  <testcase name="testHomePageOpen" time="21.263" classname="com.test1.tests.HomePageTests"/>
</testsuite> <!-- com.test1.tests.HomePageTests -->
