<?xml version="1.0" encoding="UTF-8"?>
<!-- Generated by org.testng.reporters.JUnitReportReporter -->
<testsuite skipped="0" hostname="DESKTOP-Q2S8VAD" name="com.trendyol.tests.HomePageTest" tests="1" failures="0" timestamp="25 Jul 2020 07:37:29 GMT" time="2.094" errors="0">
  <testcase name="verifyHomePageTitleTest" time="2.094" classname="com.trendyol.tests.HomePageTest"/>
</testsuite> <!-- com.trendyol.tests.HomePageTest -->
